<?xml version="1.0" encoding="UTF-8"?>
<testng-results ignored="0" total="1" passed="1" failed="0" skipped="0">
  <reporter-output>
  </reporter-output>
  <suite started-at="2022-07-10T15:47:21 IST" name="Default suite" finished-at="2022-07-10T15:47:23 IST" duration-ms="1891">
    <groups>
    </groups>
    <test started-at="2022-07-10T15:47:21 IST" name="Default test" finished-at="2022-07-10T15:47:23 IST" duration-ms="1891">
      <class name="SectionSix">
        <test-method signature="getCoursesSum()[pri:0, instance:SectionSix@793be5ca]" started-at="2022-07-10T15:47:21 IST" name="getCoursesSum" finished-at="2022-07-10T15:47:23 IST" duration-ms="1819" status="PASS">
          <reporter-output>
          </reporter-output>
        </test-method> <!-- getCoursesSum -->
      </class> <!-- SectionSix -->
    </test> <!-- Default test -->
  </suite> <!-- Default suite -->
</testng-results>
